[2025-08-06 20:59:31] INFO: Iniciando generación de comprobante fiscal {"venta_id":"5"}
[2025-08-06 20:59:31] INFO: Obteniendo datos de venta {"venta_id":"5"}
[2025-08-06 20:59:31] INFO: Tipo de comprobante determinado {"venta_id":"5","tipo":"FACTURA_B","monto":"2790.00"}
[2025-08-06 20:59:31] INFO: Solicitando CAE a AFIP {"venta_id":"5","tipo_comprobante":"FACTURA_B","ambiente":"TESTING"}
[2025-08-06 20:59:31] INFO: Iniciando solicitud de CAE {"ambiente":"TESTING","punto_venta":"0001","tipo_comprobante":"FACTURA_B"}
[2025-08-06 20:59:31] INFO: Datos de factura preparados para SDK {"items_count":1,"total":"2790.00"}
[2025-08-06 20:59:31] INFO: Llamada al SDK AFIP {"endpoint":"afip\/invoices","intento":1,"max_intentos":3,"ambiente":"dev"}
[2025-08-06 20:59:31] INFO: Respuesta del SDK AFIP {"intento":1,"http_code":0,"tiempo_respuesta":0.475148,"error_curl":"error setting certificate file: D:\\Projects\\Laragon-installer\\7.0-W64\\etc\\ssl\\cacert.pem"}
[2025-08-06 20:59:31] WARNING: Error de conexión, reintentando {"intento":1,"error":"error setting certificate file: D:\\Projects\\Laragon-installer\\7.0-W64\\etc\\ssl\\cacert.pem","pr\u00f3ximo_intento_en":"2 segundos"}
[2025-08-06 20:59:33] INFO: Llamada al SDK AFIP {"endpoint":"afip\/invoices","intento":2,"max_intentos":3,"ambiente":"dev"}
[2025-08-06 20:59:33] INFO: Respuesta del SDK AFIP {"intento":2,"http_code":0,"tiempo_respuesta":0.165902,"error_curl":"error setting certificate file: D:\\Projects\\Laragon-installer\\7.0-W64\\etc\\ssl\\cacert.pem"}
[2025-08-06 20:59:33] WARNING: Error de conexión, reintentando {"intento":2,"error":"error setting certificate file: D:\\Projects\\Laragon-installer\\7.0-W64\\etc\\ssl\\cacert.pem","pr\u00f3ximo_intento_en":"2 segundos"}
[2025-08-06 20:59:37] INFO: Llamada al SDK AFIP {"endpoint":"afip\/invoices","intento":3,"max_intentos":3,"ambiente":"dev"}
[2025-08-06 20:59:37] INFO: Respuesta del SDK AFIP {"intento":3,"http_code":0,"tiempo_respuesta":0.165549,"error_curl":"error setting certificate file: D:\\Projects\\Laragon-installer\\7.0-W64\\etc\\ssl\\cacert.pem"}
[2025-08-06 20:59:37] ERROR: Error de conexión final {"error":"error setting certificate file: D:\\Projects\\Laragon-installer\\7.0-W64\\etc\\ssl\\cacert.pem"}
[2025-08-06 20:59:37] ERROR: Error obteniendo CAE de AFIP {"error":"Error de conexi\u00f3n CURL despu\u00e9s de 3 intentos: error setting certificate file: D:\\Projects\\Laragon-installer\\7.0-W64\\etc\\ssl\\cacert.pem","ambiente":"TESTING","codigo_error":0}
[2025-08-06 20:59:37] INFO: Usando CAE simulado por error {"cae":"12345678901234","fecha_vencimiento_cae":"2025-08-16","resultado":"A","mensaje":"CAE simulado - error en conexi\u00f3n: Error de conexi\u00f3n CURL despu\u00e9s de 3 intentos: error setting certificate file: D:\\Projects\\Laragon-installer\\7.0-W64\\etc\\ssl\\cacert.pem"}
[2025-08-06 20:59:38] INFO: Comprobante fiscal generado exitosamente {"venta_id":"5","cae":"12345678901234","numero_comprobante":"20250806205931-1556"}
[2025-08-06 20:59:38] INFO: Encolando venta para facturación asíncrona {"venta_id":"5","priority":"normal"}
[2025-08-06 21:01:02] INFO: Iniciando generación de comprobante fiscal {"venta_id":"6"}
[2025-08-06 21:01:02] INFO: Obteniendo datos de venta {"venta_id":"6"}
[2025-08-06 21:01:02] INFO: Tipo de comprobante determinado {"venta_id":"6","tipo":"FACTURA_B","monto":"1935.00"}
[2025-08-06 21:01:02] INFO: Solicitando CAE a AFIP {"venta_id":"6","tipo_comprobante":"FACTURA_B","ambiente":"TESTING"}
[2025-08-06 21:01:02] INFO: Iniciando solicitud de CAE {"ambiente":"TESTING","punto_venta":"0001","tipo_comprobante":"FACTURA_B"}
[2025-08-06 21:01:02] INFO: Datos de factura preparados para SDK {"items_count":1,"total":"1935.00"}
[2025-08-06 21:01:02] INFO: Llamada al SDK AFIP {"endpoint":"afip\/invoices","intento":1,"max_intentos":3,"ambiente":"dev"}
[2025-08-06 21:01:02] INFO: Respuesta del SDK AFIP {"intento":1,"http_code":0,"tiempo_respuesta":0.203987,"error_curl":"error setting certificate file: D:\\Projects\\Laragon-installer\\7.0-W64\\etc\\ssl\\cacert.pem"}
[2025-08-06 21:01:02] WARNING: Error de conexión, reintentando {"intento":1,"error":"error setting certificate file: D:\\Projects\\Laragon-installer\\7.0-W64\\etc\\ssl\\cacert.pem","pr\u00f3ximo_intento_en":"2 segundos"}
[2025-08-06 21:01:04] INFO: Llamada al SDK AFIP {"endpoint":"afip\/invoices","intento":2,"max_intentos":3,"ambiente":"dev"}
[2025-08-06 21:01:05] INFO: Respuesta del SDK AFIP {"intento":2,"http_code":0,"tiempo_respuesta":0.143646,"error_curl":"error setting certificate file: D:\\Projects\\Laragon-installer\\7.0-W64\\etc\\ssl\\cacert.pem"}
[2025-08-06 21:01:05] WARNING: Error de conexión, reintentando {"intento":2,"error":"error setting certificate file: D:\\Projects\\Laragon-installer\\7.0-W64\\etc\\ssl\\cacert.pem","pr\u00f3ximo_intento_en":"2 segundos"}
[2025-08-06 21:01:09] INFO: Llamada al SDK AFIP {"endpoint":"afip\/invoices","intento":3,"max_intentos":3,"ambiente":"dev"}
[2025-08-06 21:01:09] INFO: Respuesta del SDK AFIP {"intento":3,"http_code":0,"tiempo_respuesta":0.162538,"error_curl":"error setting certificate file: D:\\Projects\\Laragon-installer\\7.0-W64\\etc\\ssl\\cacert.pem"}
[2025-08-06 21:01:09] ERROR: Error de conexión final {"error":"error setting certificate file: D:\\Projects\\Laragon-installer\\7.0-W64\\etc\\ssl\\cacert.pem"}
[2025-08-06 21:01:09] ERROR: Error obteniendo CAE de AFIP {"error":"Error de conexi\u00f3n CURL despu\u00e9s de 3 intentos: error setting certificate file: D:\\Projects\\Laragon-installer\\7.0-W64\\etc\\ssl\\cacert.pem","ambiente":"TESTING","codigo_error":0}
[2025-08-06 21:01:09] INFO: Usando CAE simulado por error {"cae":"12345678901234","fecha_vencimiento_cae":"2025-08-16","resultado":"A","mensaje":"CAE simulado - error en conexi\u00f3n: Error de conexi\u00f3n CURL despu\u00e9s de 3 intentos: error setting certificate file: D:\\Projects\\Laragon-installer\\7.0-W64\\etc\\ssl\\cacert.pem"}
[2025-08-06 21:01:09] INFO: Comprobante fiscal generado exitosamente {"venta_id":"6","cae":"12345678901234","numero_comprobante":"20250806210102-2885"}
[2025-08-06 21:01:09] INFO: Encolando venta para facturación asíncrona {"venta_id":"6","priority":"normal"}
[2025-08-06 21:06:28] INFO: Encolando venta para facturación asíncrona {"venta_id":"7","priority":"express"}
[2025-08-06 21:06:28] ERROR: Error encolando venta para facturación {"venta_id":"7","error":"SQLSTATE[01000]: Warning: 1265 Data truncated for column 'priority' at row 1"}
[2025-08-06 21:08:34] INFO: Encolando venta para facturación asíncrona {"venta_id":"8","priority":"express"}
[2025-08-06 21:08:34] ERROR: Error encolando venta para facturación {"venta_id":"8","error":"SQLSTATE[01000]: Warning: 1265 Data truncated for column 'priority' at row 1"}
[2025-08-06 21:08:39] INFO: Encolando venta para facturación asíncrona {"venta_id":"9","priority":"express"}
[2025-08-06 21:08:39] ERROR: Error encolando venta para facturación {"venta_id":"9","error":"SQLSTATE[01000]: Warning: 1265 Data truncated for column 'priority' at row 1"}
[2025-08-06 21:09:23] INFO: Encolando venta para facturación asíncrona {"venta_id":"10","priority":"express"}
[2025-08-06 21:09:23] ERROR: Error encolando venta para facturación {"venta_id":"10","error":"SQLSTATE[01000]: Warning: 1265 Data truncated for column 'priority' at row 1"}
[2025-08-06 21:09:33] INFO: Encolando venta para facturación asíncrona {"venta_id":"11","priority":"express"}
[2025-08-06 21:09:33] ERROR: Error encolando venta para facturación {"venta_id":"11","error":"SQLSTATE[01000]: Warning: 1265 Data truncated for column 'priority' at row 1"}
[2025-08-07 19:55:08] INFO: Iniciando generación de comprobante fiscal {"venta_id":"5"}
[2025-08-07 19:55:08] INFO: Obteniendo datos de venta {"venta_id":"5"}
[2025-08-07 19:55:08] INFO: Tipo de comprobante determinado {"venta_id":"5","tipo":"TICKET_FISCAL","monto":"50.00"}
[2025-08-07 19:55:08] INFO: Solicitando CAE a AFIP {"venta_id":"5","tipo_comprobante":"TICKET_FISCAL","ambiente":"TESTING"}
[2025-08-07 19:55:08] INFO: Iniciando solicitud de CAE {"ambiente":"TESTING","punto_venta":"0001","tipo_comprobante":"TICKET_FISCAL"}
[2025-08-07 19:55:08] INFO: Datos de factura preparados para SDK {"items_count":1,"total":"50.00"}
[2025-08-07 19:55:08] INFO: Llamada al SDK AFIP {"endpoint":"afip\/invoices","intento":1,"max_intentos":3,"ambiente":"dev"}
[2025-08-07 19:55:08] INFO: Respuesta del SDK AFIP {"intento":1,"http_code":0,"tiempo_respuesta":0.587792,"error_curl":"error setting certificate file: D:\\Projects\\Laragon-installer\\7.0-W64\\etc\\ssl\\cacert.pem"}
[2025-08-07 19:55:08] WARNING: Error de conexión, reintentando {"intento":1,"error":"error setting certificate file: D:\\Projects\\Laragon-installer\\7.0-W64\\etc\\ssl\\cacert.pem","pr\u00f3ximo_intento_en":"2 segundos"}
[2025-08-07 19:55:10] INFO: Llamada al SDK AFIP {"endpoint":"afip\/invoices","intento":2,"max_intentos":3,"ambiente":"dev"}
[2025-08-07 19:55:10] INFO: Respuesta del SDK AFIP {"intento":2,"http_code":0,"tiempo_respuesta":0.170017,"error_curl":"error setting certificate file: D:\\Projects\\Laragon-installer\\7.0-W64\\etc\\ssl\\cacert.pem"}
[2025-08-07 19:55:10] WARNING: Error de conexión, reintentando {"intento":2,"error":"error setting certificate file: D:\\Projects\\Laragon-installer\\7.0-W64\\etc\\ssl\\cacert.pem","pr\u00f3ximo_intento_en":"2 segundos"}
[2025-08-07 19:55:14] INFO: Llamada al SDK AFIP {"endpoint":"afip\/invoices","intento":3,"max_intentos":3,"ambiente":"dev"}
[2025-08-07 19:55:14] INFO: Respuesta del SDK AFIP {"intento":3,"http_code":0,"tiempo_respuesta":0.17117,"error_curl":"error setting certificate file: D:\\Projects\\Laragon-installer\\7.0-W64\\etc\\ssl\\cacert.pem"}
[2025-08-07 19:55:14] ERROR: Error de conexión final {"error":"error setting certificate file: D:\\Projects\\Laragon-installer\\7.0-W64\\etc\\ssl\\cacert.pem"}
[2025-08-07 19:55:14] ERROR: Error obteniendo CAE de AFIP {"error":"Error de conexi\u00f3n CURL despu\u00e9s de 3 intentos: error setting certificate file: D:\\Projects\\Laragon-installer\\7.0-W64\\etc\\ssl\\cacert.pem","ambiente":"TESTING","codigo_error":0}
[2025-08-07 19:55:14] INFO: Usando CAE simulado por error {"cae":"12345678901234","fecha_vencimiento_cae":"2025-08-17","resultado":"A","mensaje":"CAE simulado - error en conexi\u00f3n: Error de conexi\u00f3n CURL despu\u00e9s de 3 intentos: error setting certificate file: D:\\Projects\\Laragon-installer\\7.0-W64\\etc\\ssl\\cacert.pem"}
[2025-08-07 19:55:15] INFO: Comprobante fiscal generado exitosamente {"venta_id":"5","cae":"12345678901234","numero_comprobante":"20250807195508-3701"}
[2025-08-07 19:55:15] INFO: Encolando venta para facturación asíncrona {"venta_id":"5","priority":"normal"}
[2025-10-05 13:05:02] INFO: Iniciando generación de comprobante fiscal {"venta_id":"1"}
[2025-10-05 13:05:02] INFO: Obteniendo datos de venta {"venta_id":"1"}
[2025-10-05 13:05:02] INFO: Tipo de comprobante determinado {"venta_id":"1","tipo":"FACTURA_B","monto":"9000.00"}
[2025-10-05 13:05:02] INFO: Solicitando CAE a AFIP {"venta_id":"1","tipo_comprobante":"FACTURA_B","ambiente":null}
[2025-10-05 13:05:02] INFO: Iniciando solicitud de CAE {"ambiente":null,"punto_venta":"0001","tipo_comprobante":"FACTURA_B"}
[2025-10-05 13:05:02] INFO: Datos de factura preparados para SDK {"items_count":1,"total":"9000.00"}
[2025-10-05 13:05:02] INFO: Llamada al SDK AFIP {"endpoint":"afip\/invoices","intento":1,"max_intentos":3,"ambiente":"dev"}
[2025-10-05 13:05:04] INFO: Respuesta del SDK AFIP {"intento":1,"http_code":405,"tiempo_respuesta":1.579311,"error_curl":null}
[2025-10-05 13:05:04] ERROR: Error HTTP no recuperable {"http_code":405,"response":"{\"code\":\"MethodNotAllowed\",\"message\":\"POST is not allowed\"}"}
[2025-10-05 13:05:04] ERROR: Error obteniendo CAE de AFIP {"error":"Error HTTP 405: {\"code\":\"MethodNotAllowed\",\"message\":\"POST is not allowed\"}","ambiente":null,"codigo_error":0}
[2025-10-05 13:05:04] ERROR: Error generando comprobante AFIP {"venta_id":"1","error":"Error HTTP 405: {\"code\":\"MethodNotAllowed\",\"message\":\"POST is not allowed\"}","trace":"#0 C:\\laragon\\www\\kiosco\\api\\afip_service.php(371): AFIPService->llamarAfipSDK('afip\/invoices', Array)\n#1 C:\\laragon\\www\\kiosco\\api\\afip_service.php(90): AFIPService->obtenerCAE(Array)\n#2 C:\\laragon\\www\\kiosco\\api\\afip_service.php(740): AFIPService->generarComprobanteFiscal('1')\n#3 C:\\laragon\\www\\kiosco\\api\\background_processor.php(83): generarComprobanteFiscalDesdVenta('1')\n#4 C:\\laragon\\www\\kiosco\\api\\background_processor.php(53): BackgroundTaskProcessor->processAFIPReceipt(Array)\n#5 C:\\laragon\\www\\kiosco\\api\\background_processor.php(34): BackgroundTaskProcessor->processTaskFile('queue\/venta_1.j...')\n#6 C:\\laragon\\www\\kiosco\\api\\run_background_tasks.php(20): BackgroundTaskProcessor->processPendingTasks()\n#7 {main}","ambiente":null}
